<?xml version="1.0" encoding="UTF-8"?>
<!-- Generated by org.testng.reporters.JUnitReportReporter -->
<testsuite hostname="DESKTOP-AU5HP1K" name="eunimart.testsuite.TestSuite" tests="1" failures="0" timestamp="28 Apr 2021 07:28:20 GMT" time="88.075" errors="0">
  <testcase name="verifySignUpSignInprocessEunimart" time="88.075" classname="eunimart.testsuite.TestSuite"/>
</testsuite> <!-- eunimart.testsuite.TestSuite -->
