<?xml version="1.0" encoding="UTF-8"?>
<!-- Generated by org.testng.reporters.JUnitReportReporter -->
<testsuite hostname="Dell-021" name="com.imc.outpatient.testsuite.TestSuite" tests="3" failures="0" timestamp="28 Nov 2018 04:55:13 GMT" time="408.254" errors="0">
  <testcase name="loginScreenTitleVerification" time="0.023" classname="com.imc.outpatient.testsuite.TestSuite"/>
  <testcase name="HomescreenVerification" time="9.001" classname="com.imc.outpatient.testsuite.TestSuite"/>
  <testcase name="Billing" time="399.230" classname="com.imc.outpatient.testsuite.TestSuite"/>
</testsuite> <!-- com.imc.outpatient.testsuite.TestSuite -->
