<?xml version="1.0" encoding="UTF-8"?>
<!-- Generated by org.testng.reporters.JUnitReportReporter -->
<testsuite hostname="Dell-990-Jagadeesh" name="med.imc.his.automation.test.testsuite.TestSuite" tests="2" failures="0" timestamp="15 Nov 2019 12:55:43 GMT" time="99.551" errors="0">
  <testcase name="loginScreenTitleVerification" time="14.751" classname="med.imc.his.automation.test.testsuite.TestSuite"/>
  <testcase name="openBillingScreen" time="84.800" classname="med.imc.his.automation.test.testsuite.TestSuite"/>
</testsuite> <!-- med.imc.his.automation.test.testsuite.TestSuite -->
